2019-02-05 23:17:15: Attempting to bind to HOST environment variable: 127.0.0.1
2019-02-05 23:17:15: If this was unintentional, check that you haven't mistakenly set it in your shell.
2019-02-05 23:17:15: Learn more here: http://bit.ly/CRA-advanced-config
2019-02-05 23:17:15: 
2019-02-05 23:17:15: Something is already running on port 3000.
2019-02-05 23:17:19: Attempting to bind to HOST environment variable: 127.0.0.1
2019-02-05 23:17:19: If this was unintentional, check that you haven't mistakenly set it in your shell.
2019-02-05 23:17:19: Learn more here: http://bit.ly/CRA-advanced-config
2019-02-05 23:17:19: 
2019-02-05 23:17:19: Something is already running on port 3000.
2019-02-05 23:17:22: Attempting to bind to HOST environment variable: 127.0.0.1
2019-02-05 23:17:22: If this was unintentional, check that you haven't mistakenly set it in your shell.
2019-02-05 23:17:22: Learn more here: http://bit.ly/CRA-advanced-config
2019-02-05 23:17:22: 
2019-02-05 23:17:22: Something is already running on port 3000.
2019-02-05 23:17:25: Attempting to bind to HOST environment variable: 127.0.0.1
2019-02-05 23:17:25: If this was unintentional, check that you haven't mistakenly set it in your shell.
2019-02-05 23:17:25: Learn more here: http://bit.ly/CRA-advanced-config
2019-02-05 23:17:25: 
2019-02-05 23:17:25: Something is already running on port 3000.
2019-02-05 23:17:28: Attempting to bind to HOST environment variable: 127.0.0.1
2019-02-05 23:17:28: If this was unintentional, check that you haven't mistakenly set it in your shell.
2019-02-05 23:17:28: Learn more here: http://bit.ly/CRA-advanced-config
2019-02-05 23:17:28: 
2019-02-05 23:17:28: Something is already running on port 3000.
2019-02-05 23:17:30: Attempting to bind to HOST environment variable: 127.0.0.1
2019-02-05 23:17:30: If this was unintentional, check that you haven't mistakenly set it in your shell.
2019-02-05 23:17:30: Learn more here: http://bit.ly/CRA-advanced-config
2019-02-05 23:17:30: 
2019-02-05 23:17:37: Attempting to bind to HOST environment variable: 127.0.0.1
2019-02-05 23:17:37: If this was unintentional, check that you haven't mistakenly set it in your shell.
2019-02-05 23:17:37: Learn more here: http://bit.ly/CRA-advanced-config
2019-02-05 23:17:37: 
2019-02-05 23:17:38: [HPM] Proxy created: /admin  ->  http://localhost:3001
2019-02-05 23:17:38: Starting the development server...
2019-02-05 23:17:38: 
2019-02-05 23:17:57: Compiled with warnings.
2019-02-05 23:17:57: 
2019-02-05 23:17:57: ./src/views/domains/contents/question/containers/QuestionManageContainer.js
2019-02-05 23:17:57:   Line 12:    '_' is defined but never used             no-unused-vars
2019-02-05 23:17:57:   Line 169:  'res' is assigned a value but never used  no-unused-vars
2019-02-05 23:17:57: 
2019-02-05 23:17:57: ./src/views/domains/login/Login.js
2019-02-05 23:17:57:   Line 131:  img elements must have an alt prop, either with meaningful text, or an empty string for decorative images  jsx-a11y/alt-text
2019-02-05 23:17:57: 
2019-02-05 23:17:57: ./src/views/contexts/table/pagination/Pagination.js
2019-02-05 23:17:57:   Line 17:  Expected to return a value at the end of arrow function  array-callback-return
2019-02-05 23:17:57: 
2019-02-05 23:17:57: ./src/views/domains/contents/dashboard/DashBoard.js
2019-02-05 23:17:57:   Line 2:  'Bar' is defined but never used           no-unused-vars
2019-02-05 23:17:57:   Line 7:  'bar' is assigned a value but never used  no-unused-vars
2019-02-05 23:17:57: 
2019-02-05 23:17:57: ./src/views/domains/contents/recruit/informationCardPack/questionInfo/QuestionInfo.js
2019-02-05 23:17:57:   Line 2:  'moment' is defined but never used  no-unused-vars
2019-02-05 23:17:57: 
2019-02-05 23:17:57: ./src/views/domains/contents/recruit/informationCardPack/applyInfo/ApplyInfo.js
2019-02-05 23:17:57:   Line 3:  'Divider' is defined but never used  no-unused-vars
2019-02-05 23:17:57: 
2019-02-05 23:17:57: ./src/App.js
2019-02-05 23:17:57:   Line 54:  'waitCheckFlag' is assigned a value but never used  no-unused-vars
2019-02-05 23:17:57: 
2019-02-05 23:17:57: ./src/views/domains/contents/question/questionModal/QuestionModal.js
2019-02-05 23:17:57:   Line 8:  'team' is assigned a value but never used  no-unused-vars
2019-02-05 23:17:57: 
2019-02-05 23:17:57: Search for the keywords to learn more about each warning.
2019-02-05 23:17:57: To ignore, add // eslint-disable-next-line to the line before.
2019-02-05 23:17:57: 
2019-02-05 23:20:23: Attempting to bind to HOST environment variable: 127.0.0.1
2019-02-05 23:20:23: If this was unintentional, check that you haven't mistakenly set it in your shell.
2019-02-05 23:20:23: Learn more here: http://bit.ly/CRA-advanced-config
2019-02-05 23:20:23: 
2019-02-05 23:20:24: [HPM] Proxy created: /admin  ->  http://localhost:3001
2019-02-05 23:20:24: Starting the development server...
2019-02-05 23:20:24: 
2019-02-05 23:20:42: Compiled with warnings.
2019-02-05 23:20:42: 
2019-02-05 23:20:42: ./src/views/domains/contents/question/containers/QuestionManageContainer.js
2019-02-05 23:20:42:   Line 12:    '_' is defined but never used             no-unused-vars
2019-02-05 23:20:42:   Line 169:  'res' is assigned a value but never used  no-unused-vars
2019-02-05 23:20:42: 
2019-02-05 23:20:42: ./src/views/domains/login/Login.js
2019-02-05 23:20:42:   Line 131:  img elements must have an alt prop, either with meaningful text, or an empty string for decorative images  jsx-a11y/alt-text
2019-02-05 23:20:42: 
2019-02-05 23:20:42: ./src/views/contexts/table/pagination/Pagination.js
2019-02-05 23:20:42:   Line 17:  Expected to return a value at the end of arrow function  array-callback-return
2019-02-05 23:20:42: 
2019-02-05 23:20:42: ./src/views/domains/contents/dashboard/DashBoard.js
2019-02-05 23:20:42:   Line 2:  'Bar' is defined but never used           no-unused-vars
2019-02-05 23:20:42:   Line 7:  'bar' is assigned a value but never used  no-unused-vars
2019-02-05 23:20:42: 
2019-02-05 23:20:42: ./src/views/domains/contents/recruit/informationCardPack/questionInfo/QuestionInfo.js
2019-02-05 23:20:42:   Line 2:  'moment' is defined but never used  no-unused-vars
2019-02-05 23:20:42: 
2019-02-05 23:20:42: ./src/views/domains/contents/recruit/informationCardPack/applyInfo/ApplyInfo.js
2019-02-05 23:20:42:   Line 3:  'Divider' is defined but never used  no-unused-vars
2019-02-05 23:20:42: 
2019-02-05 23:20:42: ./src/App.js
2019-02-05 23:20:42:   Line 54:  'waitCheckFlag' is assigned a value but never used  no-unused-vars
2019-02-05 23:20:42: 
2019-02-05 23:20:42: ./src/views/domains/contents/question/questionModal/QuestionModal.js
2019-02-05 23:20:42:   Line 8:  'team' is assigned a value but never used  no-unused-vars
2019-02-05 23:20:42: 
2019-02-05 23:20:42: Search for the keywords to learn more about each warning.
2019-02-05 23:20:42: To ignore, add // eslint-disable-next-line to the line before.
2019-02-05 23:20:42: 
2019-02-05 23:21:53: Compiling...
2019-02-05 23:21:56: Compiled with warnings.
2019-02-05 23:21:56: 
2019-02-05 23:21:56: ./src/views/domains/contents/question/containers/QuestionManageContainer.js
2019-02-05 23:21:56:   Line 12:    '_' is defined but never used             no-unused-vars
2019-02-05 23:21:56:   Line 169:  'res' is assigned a value but never used  no-unused-vars
2019-02-05 23:21:56: 
2019-02-05 23:21:56: ./src/views/domains/login/Login.js
2019-02-05 23:21:56:   Line 131:  img elements must have an alt prop, either with meaningful text, or an empty string for decorative images  jsx-a11y/alt-text
2019-02-05 23:21:56: 
2019-02-05 23:21:56: ./src/views/contexts/table/pagination/Pagination.js
2019-02-05 23:21:56:   Line 17:  Expected to return a value at the end of arrow function  array-callback-return
2019-02-05 23:21:56: 
2019-02-05 23:21:56: ./src/views/domains/contents/dashboard/DashBoard.js
2019-02-05 23:21:56:   Line 2:  'Bar' is defined but never used           no-unused-vars
2019-02-05 23:21:56:   Line 7:  'bar' is assigned a value but never used  no-unused-vars
2019-02-05 23:21:56: 
2019-02-05 23:21:56: ./src/views/domains/contents/recruit/informationCardPack/questionInfo/QuestionInfo.js
2019-02-05 23:21:56:   Line 2:  'moment' is defined but never used  no-unused-vars
2019-02-05 23:21:56: 
2019-02-05 23:21:56: ./src/views/domains/contents/recruit/informationCardPack/applyInfo/ApplyInfo.js
2019-02-05 23:21:56:   Line 3:  'Divider' is defined but never used  no-unused-vars
2019-02-05 23:21:56: 
2019-02-05 23:21:56: ./src/App.js
2019-02-05 23:21:56:   Line 54:  'waitCheckFlag' is assigned a value but never used  no-unused-vars
2019-02-05 23:21:56: 
2019-02-05 23:21:56: ./src/views/domains/contents/question/questionModal/QuestionModal.js
2019-02-05 23:21:56:   Line 8:  'team' is assigned a value but never used  no-unused-vars
2019-02-05 23:21:56: 
2019-02-05 23:21:56: Search for the keywords to learn more about each warning.
2019-02-05 23:21:56: To ignore, add // eslint-disable-next-line to the line before.
2019-02-05 23:21:56: 
2019-02-05 23:22:35: Attempting to bind to HOST environment variable: 127.0.0.1
2019-02-05 23:22:35: If this was unintentional, check that you haven't mistakenly set it in your shell.
2019-02-05 23:22:35: Learn more here: http://bit.ly/CRA-advanced-config
2019-02-05 23:22:35: 
2019-02-05 23:22:36: Starting the development server...
2019-02-05 23:22:36: 
2019-02-05 23:22:53: Compiled with warnings.
2019-02-05 23:22:53: 
2019-02-05 23:22:53: ./src/views/domains/contents/question/containers/QuestionManageContainer.js
2019-02-05 23:22:53:   Line 12:    '_' is defined but never used             no-unused-vars
2019-02-05 23:22:53:   Line 169:  'res' is assigned a value but never used  no-unused-vars
2019-02-05 23:22:53: 
2019-02-05 23:22:53: ./src/views/domains/login/Login.js
2019-02-05 23:22:53:   Line 131:  img elements must have an alt prop, either with meaningful text, or an empty string for decorative images  jsx-a11y/alt-text
2019-02-05 23:22:53: 
2019-02-05 23:22:53: ./src/views/contexts/table/pagination/Pagination.js
2019-02-05 23:22:53:   Line 17:  Expected to return a value at the end of arrow function  array-callback-return
2019-02-05 23:22:53: 
2019-02-05 23:22:53: ./src/views/domains/contents/dashboard/DashBoard.js
2019-02-05 23:22:53:   Line 2:  'Bar' is defined but never used           no-unused-vars
2019-02-05 23:22:53:   Line 7:  'bar' is assigned a value but never used  no-unused-vars
2019-02-05 23:22:53: 
2019-02-05 23:22:53: ./src/views/domains/contents/recruit/informationCardPack/questionInfo/QuestionInfo.js
2019-02-05 23:22:53:   Line 2:  'moment' is defined but never used  no-unused-vars
2019-02-05 23:22:53: 
2019-02-05 23:22:53: ./src/views/domains/contents/recruit/informationCardPack/applyInfo/ApplyInfo.js
2019-02-05 23:22:53:   Line 3:  'Divider' is defined but never used  no-unused-vars
2019-02-05 23:22:53: 
2019-02-05 23:22:53: ./src/App.js
2019-02-05 23:22:53:   Line 54:  'waitCheckFlag' is assigned a value but never used  no-unused-vars
2019-02-05 23:22:53: 
2019-02-05 23:22:53: ./src/views/domains/contents/question/questionModal/QuestionModal.js
2019-02-05 23:22:53:   Line 8:  'team' is assigned a value but never used  no-unused-vars
2019-02-05 23:22:53: 
2019-02-05 23:22:53: Search for the keywords to learn more about each warning.
2019-02-05 23:22:53: To ignore, add // eslint-disable-next-line to the line before.
2019-02-05 23:22:53: 
2019-02-05 23:24:20: Compiling...
2019-02-05 23:24:23: Compiled with warnings.
2019-02-05 23:24:23: 
2019-02-05 23:24:23: ./src/views/domains/contents/question/containers/QuestionManageContainer.js
2019-02-05 23:24:23:   Line 12:    '_' is defined but never used             no-unused-vars
2019-02-05 23:24:23:   Line 169:  'res' is assigned a value but never used  no-unused-vars
2019-02-05 23:24:23: 
2019-02-05 23:24:23: ./src/views/domains/login/Login.js
2019-02-05 23:24:23:   Line 131:  img elements must have an alt prop, either with meaningful text, or an empty string for decorative images  jsx-a11y/alt-text
2019-02-05 23:24:23: 
2019-02-05 23:24:23: ./src/views/contexts/table/pagination/Pagination.js
2019-02-05 23:24:23:   Line 17:  Expected to return a value at the end of arrow function  array-callback-return
2019-02-05 23:24:23: 
2019-02-05 23:24:23: ./src/views/domains/contents/dashboard/DashBoard.js
2019-02-05 23:24:23:   Line 2:  'Bar' is defined but never used           no-unused-vars
2019-02-05 23:24:23:   Line 7:  'bar' is assigned a value but never used  no-unused-vars
2019-02-05 23:24:23: 
2019-02-05 23:24:23: ./src/views/domains/contents/recruit/informationCardPack/questionInfo/QuestionInfo.js
2019-02-05 23:24:23:   Line 2:  'moment' is defined but never used  no-unused-vars
2019-02-05 23:24:23: 
2019-02-05 23:24:23: ./src/views/domains/contents/recruit/informationCardPack/applyInfo/ApplyInfo.js
2019-02-05 23:24:23:   Line 3:  'Divider' is defined but never used  no-unused-vars
2019-02-05 23:24:23: 
2019-02-05 23:24:23: ./src/App.js
2019-02-05 23:24:23:   Line 54:  'waitCheckFlag' is assigned a value but never used  no-unused-vars
2019-02-05 23:24:23: 
2019-02-05 23:24:23: ./src/views/domains/contents/question/questionModal/QuestionModal.js
2019-02-05 23:24:23:   Line 8:  'team' is assigned a value but never used  no-unused-vars
2019-02-05 23:24:23: 
2019-02-05 23:24:23: Search for the keywords to learn more about each warning.
2019-02-05 23:24:23: To ignore, add // eslint-disable-next-line to the line before.
2019-02-05 23:24:23: 
2019-02-05 23:24:29: Attempting to bind to HOST environment variable: 127.0.0.1
2019-02-05 23:24:29: If this was unintentional, check that you haven't mistakenly set it in your shell.
2019-02-05 23:24:29: Learn more here: http://bit.ly/CRA-advanced-config
2019-02-05 23:24:29: 
2019-02-05 23:24:29: Starting the development server...
2019-02-05 23:24:29: 
2019-02-05 23:24:47: Compiled with warnings.
2019-02-05 23:24:47: 
2019-02-05 23:24:47: ./src/views/domains/contents/question/containers/QuestionManageContainer.js
2019-02-05 23:24:47:   Line 12:    '_' is defined but never used             no-unused-vars
2019-02-05 23:24:47:   Line 169:  'res' is assigned a value but never used  no-unused-vars
2019-02-05 23:24:47: 
2019-02-05 23:24:47: ./src/views/domains/login/Login.js
2019-02-05 23:24:47:   Line 131:  img elements must have an alt prop, either with meaningful text, or an empty string for decorative images  jsx-a11y/alt-text
2019-02-05 23:24:47: 
2019-02-05 23:24:47: ./src/views/contexts/table/pagination/Pagination.js
2019-02-05 23:24:47:   Line 17:  Expected to return a value at the end of arrow function  array-callback-return
2019-02-05 23:24:47: 
2019-02-05 23:24:47: ./src/views/domains/contents/dashboard/DashBoard.js
2019-02-05 23:24:47:   Line 2:  'Bar' is defined but never used           no-unused-vars
2019-02-05 23:24:47:   Line 7:  'bar' is assigned a value but never used  no-unused-vars
2019-02-05 23:24:47: 
2019-02-05 23:24:47: ./src/views/domains/contents/recruit/informationCardPack/questionInfo/QuestionInfo.js
2019-02-05 23:24:47:   Line 2:  'moment' is defined but never used  no-unused-vars
2019-02-05 23:24:47: 
2019-02-05 23:24:47: ./src/views/domains/contents/recruit/informationCardPack/applyInfo/ApplyInfo.js
2019-02-05 23:24:47:   Line 3:  'Divider' is defined but never used  no-unused-vars
2019-02-05 23:24:47: 
2019-02-05 23:24:47: ./src/App.js
2019-02-05 23:24:47:   Line 54:  'waitCheckFlag' is assigned a value but never used  no-unused-vars
2019-02-05 23:24:47: 
2019-02-05 23:24:47: ./src/views/domains/contents/question/questionModal/QuestionModal.js
2019-02-05 23:24:47:   Line 8:  'team' is assigned a value but never used  no-unused-vars
2019-02-05 23:24:47: 
2019-02-05 23:24:47: Search for the keywords to learn more about each warning.
2019-02-05 23:24:47: To ignore, add // eslint-disable-next-line to the line before.
2019-02-05 23:24:47: 
2019-02-05 23:29:42: Compiling...
2019-02-05 23:29:45: Compiled with warnings.
2019-02-05 23:29:45: 
2019-02-05 23:29:45: ./src/views/domains/contents/question/containers/QuestionManageContainer.js
2019-02-05 23:29:45:   Line 12:    '_' is defined but never used             no-unused-vars
2019-02-05 23:29:45:   Line 169:  'res' is assigned a value but never used  no-unused-vars
2019-02-05 23:29:45: 
2019-02-05 23:29:45: ./src/views/domains/login/Login.js
2019-02-05 23:29:45:   Line 131:  img elements must have an alt prop, either with meaningful text, or an empty string for decorative images  jsx-a11y/alt-text
2019-02-05 23:29:45: 
2019-02-05 23:29:45: ./src/views/contexts/table/pagination/Pagination.js
2019-02-05 23:29:45:   Line 17:  Expected to return a value at the end of arrow function  array-callback-return
2019-02-05 23:29:45: 
2019-02-05 23:29:45: ./src/views/domains/contents/dashboard/DashBoard.js
2019-02-05 23:29:45:   Line 2:  'Bar' is defined but never used           no-unused-vars
2019-02-05 23:29:45:   Line 7:  'bar' is assigned a value but never used  no-unused-vars
2019-02-05 23:29:45: 
2019-02-05 23:29:45: ./src/views/domains/contents/recruit/informationCardPack/questionInfo/QuestionInfo.js
2019-02-05 23:29:45:   Line 2:  'moment' is defined but never used  no-unused-vars
2019-02-05 23:29:45: 
2019-02-05 23:29:45: ./src/views/domains/contents/recruit/informationCardPack/applyInfo/ApplyInfo.js
2019-02-05 23:29:45:   Line 3:  'Divider' is defined but never used  no-unused-vars
2019-02-05 23:29:45: 
2019-02-05 23:29:45: ./src/App.js
2019-02-05 23:29:45:   Line 54:  'waitCheckFlag' is assigned a value but never used  no-unused-vars
2019-02-05 23:29:45: 
2019-02-05 23:29:45: ./src/views/domains/contents/question/questionModal/QuestionModal.js
2019-02-05 23:29:45:   Line 8:  'team' is assigned a value but never used  no-unused-vars
2019-02-05 23:29:45: 
2019-02-05 23:29:45: Search for the keywords to learn more about each warning.
2019-02-05 23:29:45: To ignore, add // eslint-disable-next-line to the line before.
2019-02-05 23:29:45: 
2019-02-05 23:31:08: Compiling...
2019-02-05 23:31:11: Compiled with warnings.
2019-02-05 23:31:11: 
2019-02-05 23:31:11: ./src/views/domains/contents/question/containers/QuestionManageContainer.js
2019-02-05 23:31:11:   Line 12:    '_' is defined but never used             no-unused-vars
2019-02-05 23:31:11:   Line 169:  'res' is assigned a value but never used  no-unused-vars
2019-02-05 23:31:11: 
2019-02-05 23:31:11: ./src/views/domains/login/Login.js
2019-02-05 23:31:11:   Line 131:  img elements must have an alt prop, either with meaningful text, or an empty string for decorative images  jsx-a11y/alt-text
2019-02-05 23:31:11: 
2019-02-05 23:31:11: ./src/views/contexts/table/pagination/Pagination.js
2019-02-05 23:31:11:   Line 17:  Expected to return a value at the end of arrow function  array-callback-return
2019-02-05 23:31:11: 
2019-02-05 23:31:11: ./src/views/domains/contents/dashboard/DashBoard.js
2019-02-05 23:31:11:   Line 2:  'Bar' is defined but never used           no-unused-vars
2019-02-05 23:31:11:   Line 7:  'bar' is assigned a value but never used  no-unused-vars
2019-02-05 23:31:11: 
2019-02-05 23:31:11: ./src/views/domains/contents/recruit/informationCardPack/questionInfo/QuestionInfo.js
2019-02-05 23:31:11:   Line 2:  'moment' is defined but never used  no-unused-vars
2019-02-05 23:31:11: 
2019-02-05 23:31:11: ./src/views/domains/contents/recruit/informationCardPack/applyInfo/ApplyInfo.js
2019-02-05 23:31:11:   Line 3:  'Divider' is defined but never used  no-unused-vars
2019-02-05 23:31:11: 
2019-02-05 23:31:11: ./src/App.js
2019-02-05 23:31:11:   Line 54:  'waitCheckFlag' is assigned a value but never used  no-unused-vars
2019-02-05 23:31:11: 
2019-02-05 23:31:11: ./src/views/domains/contents/question/questionModal/QuestionModal.js
2019-02-05 23:31:11:   Line 8:  'team' is assigned a value but never used  no-unused-vars
2019-02-05 23:31:11: 
2019-02-05 23:31:11: Search for the keywords to learn more about each warning.
2019-02-05 23:31:11: To ignore, add // eslint-disable-next-line to the line before.
2019-02-05 23:31:11: 
2019-02-05 23:31:15: Attempting to bind to HOST environment variable: 127.0.0.1
2019-02-05 23:31:15: If this was unintentional, check that you haven't mistakenly set it in your shell.
2019-02-05 23:31:15: Learn more here: http://bit.ly/CRA-advanced-config
2019-02-05 23:31:15: 
2019-02-05 23:31:16: [HPM] Proxy created: /admin  ->  http://localhost:3001
2019-02-05 23:31:16: Starting the development server...
2019-02-05 23:31:16: 
2019-02-05 23:31:36: Compiled with warnings.
2019-02-05 23:31:36: 
2019-02-05 23:31:36: ./src/views/domains/contents/question/containers/QuestionManageContainer.js
2019-02-05 23:31:36:   Line 12:    '_' is defined but never used             no-unused-vars
2019-02-05 23:31:36:   Line 169:  'res' is assigned a value but never used  no-unused-vars
2019-02-05 23:31:36: 
2019-02-05 23:31:36: ./src/views/domains/login/Login.js
2019-02-05 23:31:36:   Line 131:  img elements must have an alt prop, either with meaningful text, or an empty string for decorative images  jsx-a11y/alt-text
2019-02-05 23:31:36: 
2019-02-05 23:31:36: ./src/views/contexts/table/pagination/Pagination.js
2019-02-05 23:31:36:   Line 17:  Expected to return a value at the end of arrow function  array-callback-return
2019-02-05 23:31:36: 
2019-02-05 23:31:36: ./src/views/domains/contents/dashboard/DashBoard.js
2019-02-05 23:31:36:   Line 2:  'Bar' is defined but never used           no-unused-vars
2019-02-05 23:31:36:   Line 7:  'bar' is assigned a value but never used  no-unused-vars
2019-02-05 23:31:36: 
2019-02-05 23:31:36: ./src/views/domains/contents/recruit/informationCardPack/questionInfo/QuestionInfo.js
2019-02-05 23:31:36:   Line 2:  'moment' is defined but never used  no-unused-vars
2019-02-05 23:31:36: 
2019-02-05 23:31:36: ./src/views/domains/contents/recruit/informationCardPack/applyInfo/ApplyInfo.js
2019-02-05 23:31:36:   Line 3:  'Divider' is defined but never used  no-unused-vars
2019-02-05 23:31:36: 
2019-02-05 23:31:36: ./src/App.js
2019-02-05 23:31:36:   Line 54:  'waitCheckFlag' is assigned a value but never used  no-unused-vars
2019-02-05 23:31:36: 
2019-02-05 23:31:36: ./src/views/domains/contents/question/questionModal/QuestionModal.js
2019-02-05 23:31:36:   Line 8:  'team' is assigned a value but never used  no-unused-vars
2019-02-05 23:31:36: 
2019-02-05 23:31:36: Search for the keywords to learn more about each warning.
2019-02-05 23:31:36: To ignore, add // eslint-disable-next-line to the line before.
2019-02-05 23:31:36: 
2019-02-05 23:37:18: Attempting to bind to HOST environment variable: 127.0.0.1
2019-02-05 23:37:18: If this was unintentional, check that you haven't mistakenly set it in your shell.
2019-02-05 23:37:18: Learn more here: http://bit.ly/CRA-advanced-config
2019-02-05 23:37:18: 
2019-02-05 23:37:19: [HPM] Proxy created: /admin  ->  http://localhost:3001
2019-02-05 23:37:19: Starting the development server...
2019-02-05 23:37:19: 
2019-02-05 23:37:36: Compiled with warnings.
2019-02-05 23:37:36: 
2019-02-05 23:37:36: ./src/views/domains/contents/question/containers/QuestionManageContainer.js
2019-02-05 23:37:36:   Line 12:    '_' is defined but never used             no-unused-vars
2019-02-05 23:37:36:   Line 169:  'res' is assigned a value but never used  no-unused-vars
2019-02-05 23:37:36: 
2019-02-05 23:37:36: ./src/views/domains/login/Login.js
2019-02-05 23:37:36:   Line 131:  img elements must have an alt prop, either with meaningful text, or an empty string for decorative images  jsx-a11y/alt-text
2019-02-05 23:37:36: 
2019-02-05 23:37:36: ./src/views/contexts/table/pagination/Pagination.js
2019-02-05 23:37:36:   Line 17:  Expected to return a value at the end of arrow function  array-callback-return
2019-02-05 23:37:36: 
2019-02-05 23:37:36: ./src/views/domains/contents/dashboard/DashBoard.js
2019-02-05 23:37:36:   Line 2:  'Bar' is defined but never used           no-unused-vars
2019-02-05 23:37:36:   Line 7:  'bar' is assigned a value but never used  no-unused-vars
2019-02-05 23:37:36: 
2019-02-05 23:37:36: ./src/views/domains/contents/recruit/informationCardPack/questionInfo/QuestionInfo.js
2019-02-05 23:37:36:   Line 2:  'moment' is defined but never used  no-unused-vars
2019-02-05 23:37:36: 
2019-02-05 23:37:36: ./src/views/domains/contents/recruit/informationCardPack/applyInfo/ApplyInfo.js
2019-02-05 23:37:36:   Line 3:  'Divider' is defined but never used  no-unused-vars
2019-02-05 23:37:36: 
2019-02-05 23:37:36: ./src/App.js
2019-02-05 23:37:36:   Line 54:  'waitCheckFlag' is assigned a value but never used  no-unused-vars
2019-02-05 23:37:36: 
2019-02-05 23:37:36: ./src/views/domains/contents/question/questionModal/QuestionModal.js
2019-02-05 23:37:36:   Line 8:  'team' is assigned a value but never used  no-unused-vars
2019-02-05 23:37:36: 
2019-02-05 23:37:36: Search for the keywords to learn more about each warning.
2019-02-05 23:37:36: To ignore, add // eslint-disable-next-line to the line before.
2019-02-05 23:37:36: 
2019-02-05 23:59:54: Compiling...
2019-02-05 23:59:56: Compiled with warnings.
2019-02-05 23:59:56: 
2019-02-05 23:59:56: ./src/views/domains/contents/question/containers/QuestionManageContainer.js
2019-02-05 23:59:56:   Line 12:    '_' is defined but never used             no-unused-vars
2019-02-05 23:59:56:   Line 169:  'res' is assigned a value but never used  no-unused-vars
2019-02-05 23:59:56: 
2019-02-05 23:59:56: ./src/views/domains/login/Login.js
2019-02-05 23:59:56:   Line 131:  img elements must have an alt prop, either with meaningful text, or an empty string for decorative images  jsx-a11y/alt-text
2019-02-05 23:59:56: 
2019-02-05 23:59:56: ./src/views/contexts/table/pagination/Pagination.js
2019-02-05 23:59:56:   Line 17:  Expected to return a value at the end of arrow function  array-callback-return
2019-02-05 23:59:56: 
2019-02-05 23:59:56: ./src/views/domains/contents/dashboard/DashBoard.js
2019-02-05 23:59:56:   Line 2:  'Bar' is defined but never used           no-unused-vars
2019-02-05 23:59:56:   Line 7:  'bar' is assigned a value but never used  no-unused-vars
2019-02-05 23:59:56: 
2019-02-05 23:59:56: ./src/views/domains/contents/recruit/informationCardPack/questionInfo/QuestionInfo.js
2019-02-05 23:59:56:   Line 2:  'moment' is defined but never used  no-unused-vars
2019-02-05 23:59:56: 
2019-02-05 23:59:56: ./src/views/domains/contents/recruit/informationCardPack/applyInfo/ApplyInfo.js
2019-02-05 23:59:56:   Line 3:  'Divider' is defined but never used  no-unused-vars
2019-02-05 23:59:56: 
2019-02-05 23:59:56: ./src/App.js
2019-02-05 23:59:56:   Line 54:  'waitCheckFlag' is assigned a value but never used  no-unused-vars
2019-02-05 23:59:56: 
2019-02-05 23:59:56: ./src/views/domains/contents/question/questionModal/QuestionModal.js
2019-02-05 23:59:56:   Line 8:  'team' is assigned a value but never used  no-unused-vars
2019-02-05 23:59:56: 
2019-02-05 23:59:56: Search for the keywords to learn more about each warning.
2019-02-05 23:59:56: To ignore, add // eslint-disable-next-line to the line before.
2019-02-05 23:59:56: 
2019-02-06 00:00:02: Attempting to bind to HOST environment variable: 127.0.0.1
2019-02-06 00:00:02: If this was unintentional, check that you haven't mistakenly set it in your shell.
2019-02-06 00:00:02: Learn more here: http://bit.ly/CRA-advanced-config
2019-02-06 00:00:02: 
2019-02-06 00:00:04: [HPM] Proxy created: /admin  ->  http://localhost:3001
2019-02-06 00:00:04: Starting the development server...
2019-02-06 00:00:04: 
2019-02-06 00:00:23: Compiled with warnings.
2019-02-06 00:00:23: 
2019-02-06 00:00:23: ./src/views/domains/contents/question/containers/QuestionManageContainer.js
2019-02-06 00:00:23:   Line 12:    '_' is defined but never used             no-unused-vars
2019-02-06 00:00:23:   Line 169:  'res' is assigned a value but never used  no-unused-vars
2019-02-06 00:00:23: 
2019-02-06 00:00:23: ./src/views/domains/login/Login.js
2019-02-06 00:00:23:   Line 131:  img elements must have an alt prop, either with meaningful text, or an empty string for decorative images  jsx-a11y/alt-text
2019-02-06 00:00:23: 
2019-02-06 00:00:23: ./src/views/contexts/table/pagination/Pagination.js
2019-02-06 00:00:23:   Line 17:  Expected to return a value at the end of arrow function  array-callback-return
2019-02-06 00:00:23: 
2019-02-06 00:00:23: ./src/views/domains/contents/dashboard/DashBoard.js
2019-02-06 00:00:23:   Line 2:  'Bar' is defined but never used           no-unused-vars
2019-02-06 00:00:23:   Line 7:  'bar' is assigned a value but never used  no-unused-vars
2019-02-06 00:00:23: 
2019-02-06 00:00:23: ./src/views/domains/contents/recruit/informationCardPack/questionInfo/QuestionInfo.js
2019-02-06 00:00:23:   Line 2:  'moment' is defined but never used  no-unused-vars
2019-02-06 00:00:23: 
2019-02-06 00:00:23: ./src/views/domains/contents/recruit/informationCardPack/applyInfo/ApplyInfo.js
2019-02-06 00:00:23:   Line 3:  'Divider' is defined but never used  no-unused-vars
2019-02-06 00:00:23: 
2019-02-06 00:00:23: ./src/App.js
2019-02-06 00:00:23:   Line 54:  'waitCheckFlag' is assigned a value but never used  no-unused-vars
2019-02-06 00:00:23: 
2019-02-06 00:00:23: ./src/views/domains/contents/question/questionModal/QuestionModal.js
2019-02-06 00:00:23:   Line 8:  'team' is assigned a value but never used  no-unused-vars
2019-02-06 00:00:23: 
2019-02-06 00:00:23: Search for the keywords to learn more about each warning.
2019-02-06 00:00:23: To ignore, add // eslint-disable-next-line to the line before.
2019-02-06 00:00:23: 
