2019-02-05 22:38:34: Error: Cannot find module '../config/env'
2019-02-05 22:38:34:     at Function.Module._resolveFilename (internal/modules/cjs/loader.js:581:15)
2019-02-05 22:38:34:     at Function.Module._load (internal/modules/cjs/loader.js:507:25)
2019-02-05 22:38:34:     at Module.require (internal/modules/cjs/loader.js:637:17)
2019-02-05 22:38:34:     at require (internal/modules/cjs/helpers.js:22:18)
2019-02-05 22:38:34:     at Object.<anonymous> (/home/ec2-user/recruiting_admin/admin-frontend/scripts/start.js:15:1)
2019-02-05 22:38:34:     at Module._compile (internal/modules/cjs/loader.js:689:30)
2019-02-05 22:38:34:     at Object.Module._extensions..js (internal/modules/cjs/loader.js:700:10)
2019-02-05 22:38:34:     at Module.load (internal/modules/cjs/loader.js:599:32)
2019-02-05 22:38:34:     at tryModuleLoad (internal/modules/cjs/loader.js:538:12)
2019-02-05 22:38:34:     at Function.Module._load (internal/modules/cjs/loader.js:530:3)
2019-02-05 22:38:34: Error: Cannot find module '../config/env'
2019-02-05 22:38:34:     at Function.Module._resolveFilename (internal/modules/cjs/loader.js:581:15)
2019-02-05 22:38:34:     at Function.Module._load (internal/modules/cjs/loader.js:507:25)
2019-02-05 22:38:34:     at Module.require (internal/modules/cjs/loader.js:637:17)
2019-02-05 22:38:34:     at require (internal/modules/cjs/helpers.js:22:18)
2019-02-05 22:38:34:     at Object.<anonymous> (/home/ec2-user/recruiting_admin/admin-frontend/scripts/start.js:15:1)
2019-02-05 22:38:34:     at Module._compile (internal/modules/cjs/loader.js:689:30)
2019-02-05 22:38:34:     at Object.Module._extensions..js (internal/modules/cjs/loader.js:700:10)
2019-02-05 22:38:34:     at Module.load (internal/modules/cjs/loader.js:599:32)
2019-02-05 22:38:34:     at tryModuleLoad (internal/modules/cjs/loader.js:538:12)
2019-02-05 22:38:34:     at Function.Module._load (internal/modules/cjs/loader.js:530:3)
2019-02-05 22:38:35: Error: Cannot find module '../config/env'
2019-02-05 22:38:35:     at Function.Module._resolveFilename (internal/modules/cjs/loader.js:581:15)
2019-02-05 22:38:35:     at Function.Module._load (internal/modules/cjs/loader.js:507:25)
2019-02-05 22:38:35:     at Module.require (internal/modules/cjs/loader.js:637:17)
2019-02-05 22:38:35:     at require (internal/modules/cjs/helpers.js:22:18)
2019-02-05 22:38:35:     at Object.<anonymous> (/home/ec2-user/recruiting_admin/admin-frontend/scripts/start.js:15:1)
2019-02-05 22:38:35:     at Module._compile (internal/modules/cjs/loader.js:689:30)
2019-02-05 22:38:35:     at Object.Module._extensions..js (internal/modules/cjs/loader.js:700:10)
2019-02-05 22:38:35:     at Module.load (internal/modules/cjs/loader.js:599:32)
2019-02-05 22:38:35:     at tryModuleLoad (internal/modules/cjs/loader.js:538:12)
2019-02-05 22:38:35:     at Function.Module._load (internal/modules/cjs/loader.js:530:3)
2019-02-05 22:38:35: Error: Cannot find module '../config/env'
2019-02-05 22:38:35:     at Function.Module._resolveFilename (internal/modules/cjs/loader.js:581:15)
2019-02-05 22:38:35:     at Function.Module._load (internal/modules/cjs/loader.js:507:25)
2019-02-05 22:38:35:     at Module.require (internal/modules/cjs/loader.js:637:17)
2019-02-05 22:38:35:     at require (internal/modules/cjs/helpers.js:22:18)
2019-02-05 22:38:35:     at Object.<anonymous> (/home/ec2-user/recruiting_admin/admin-frontend/scripts/start.js:15:1)
2019-02-05 22:38:35:     at Module._compile (internal/modules/cjs/loader.js:689:30)
2019-02-05 22:38:35:     at Object.Module._extensions..js (internal/modules/cjs/loader.js:700:10)
2019-02-05 22:38:35:     at Module.load (internal/modules/cjs/loader.js:599:32)
2019-02-05 22:38:35:     at tryModuleLoad (internal/modules/cjs/loader.js:538:12)
2019-02-05 22:38:35:     at Function.Module._load (internal/modules/cjs/loader.js:530:3)
2019-02-05 22:38:35: Error: Cannot find module '../config/env'
2019-02-05 22:38:35:     at Function.Module._resolveFilename (internal/modules/cjs/loader.js:581:15)
2019-02-05 22:38:35:     at Function.Module._load (internal/modules/cjs/loader.js:507:25)
2019-02-05 22:38:35:     at Module.require (internal/modules/cjs/loader.js:637:17)
2019-02-05 22:38:35:     at require (internal/modules/cjs/helpers.js:22:18)
2019-02-05 22:38:35:     at Object.<anonymous> (/home/ec2-user/recruiting_admin/admin-frontend/scripts/start.js:15:1)
2019-02-05 22:38:35:     at Module._compile (internal/modules/cjs/loader.js:689:30)
2019-02-05 22:38:35:     at Object.Module._extensions..js (internal/modules/cjs/loader.js:700:10)
2019-02-05 22:38:35:     at Module.load (internal/modules/cjs/loader.js:599:32)
2019-02-05 22:38:35:     at tryModuleLoad (internal/modules/cjs/loader.js:538:12)
2019-02-05 22:38:35:     at Function.Module._load (internal/modules/cjs/loader.js:530:3)
2019-02-05 22:38:35: Error: Cannot find module '../config/env'
2019-02-05 22:38:35:     at Function.Module._resolveFilename (internal/modules/cjs/loader.js:581:15)
2019-02-05 22:38:35:     at Function.Module._load (internal/modules/cjs/loader.js:507:25)
2019-02-05 22:38:35:     at Module.require (internal/modules/cjs/loader.js:637:17)
2019-02-05 22:38:35:     at require (internal/modules/cjs/helpers.js:22:18)
2019-02-05 22:38:35:     at Object.<anonymous> (/home/ec2-user/recruiting_admin/admin-frontend/scripts/start.js:15:1)
2019-02-05 22:38:35:     at Module._compile (internal/modules/cjs/loader.js:689:30)
2019-02-05 22:38:35:     at Object.Module._extensions..js (internal/modules/cjs/loader.js:700:10)
2019-02-05 22:38:35:     at Module.load (internal/modules/cjs/loader.js:599:32)
2019-02-05 22:38:35:     at tryModuleLoad (internal/modules/cjs/loader.js:538:12)
2019-02-05 22:38:35:     at Function.Module._load (internal/modules/cjs/loader.js:530:3)
2019-02-05 22:38:35: Error: Cannot find module '../config/env'
2019-02-05 22:38:35:     at Function.Module._resolveFilename (internal/modules/cjs/loader.js:581:15)
2019-02-05 22:38:35:     at Function.Module._load (internal/modules/cjs/loader.js:507:25)
2019-02-05 22:38:35:     at Module.require (internal/modules/cjs/loader.js:637:17)
2019-02-05 22:38:35:     at require (internal/modules/cjs/helpers.js:22:18)
2019-02-05 22:38:35:     at Object.<anonymous> (/home/ec2-user/recruiting_admin/admin-frontend/scripts/start.js:15:1)
2019-02-05 22:38:35:     at Module._compile (internal/modules/cjs/loader.js:689:30)
2019-02-05 22:38:35:     at Object.Module._extensions..js (internal/modules/cjs/loader.js:700:10)
2019-02-05 22:38:35:     at Module.load (internal/modules/cjs/loader.js:599:32)
2019-02-05 22:38:35:     at tryModuleLoad (internal/modules/cjs/loader.js:538:12)
2019-02-05 22:38:35:     at Function.Module._load (internal/modules/cjs/loader.js:530:3)
2019-02-05 22:38:36: Error: Cannot find module '../config/env'
2019-02-05 22:38:36:     at Function.Module._resolveFilename (internal/modules/cjs/loader.js:581:15)
2019-02-05 22:38:36:     at Function.Module._load (internal/modules/cjs/loader.js:507:25)
2019-02-05 22:38:36:     at Module.require (internal/modules/cjs/loader.js:637:17)
2019-02-05 22:38:36:     at require (internal/modules/cjs/helpers.js:22:18)
2019-02-05 22:38:36:     at Object.<anonymous> (/home/ec2-user/recruiting_admin/admin-frontend/scripts/start.js:15:1)
2019-02-05 22:38:36:     at Module._compile (internal/modules/cjs/loader.js:689:30)
2019-02-05 22:38:36:     at Object.Module._extensions..js (internal/modules/cjs/loader.js:700:10)
2019-02-05 22:38:36:     at Module.load (internal/modules/cjs/loader.js:599:32)
2019-02-05 22:38:36:     at tryModuleLoad (internal/modules/cjs/loader.js:538:12)
2019-02-05 22:38:36:     at Function.Module._load (internal/modules/cjs/loader.js:530:3)
2019-02-05 22:38:36: Error: Cannot find module '../config/env'
2019-02-05 22:38:36:     at Function.Module._resolveFilename (internal/modules/cjs/loader.js:581:15)
2019-02-05 22:38:36:     at Function.Module._load (internal/modules/cjs/loader.js:507:25)
2019-02-05 22:38:36:     at Module.require (internal/modules/cjs/loader.js:637:17)
2019-02-05 22:38:36:     at require (internal/modules/cjs/helpers.js:22:18)
2019-02-05 22:38:36:     at Object.<anonymous> (/home/ec2-user/recruiting_admin/admin-frontend/scripts/start.js:15:1)
2019-02-05 22:38:36:     at Module._compile (internal/modules/cjs/loader.js:689:30)
2019-02-05 22:38:36:     at Object.Module._extensions..js (internal/modules/cjs/loader.js:700:10)
2019-02-05 22:38:36:     at Module.load (internal/modules/cjs/loader.js:599:32)
2019-02-05 22:38:36:     at tryModuleLoad (internal/modules/cjs/loader.js:538:12)
2019-02-05 22:38:36:     at Function.Module._load (internal/modules/cjs/loader.js:530:3)
2019-02-05 22:38:36: Error: Cannot find module '../config/env'
2019-02-05 22:38:36:     at Function.Module._resolveFilename (internal/modules/cjs/loader.js:581:15)
2019-02-05 22:38:36:     at Function.Module._load (internal/modules/cjs/loader.js:507:25)
2019-02-05 22:38:36:     at Module.require (internal/modules/cjs/loader.js:637:17)
2019-02-05 22:38:36:     at require (internal/modules/cjs/helpers.js:22:18)
2019-02-05 22:38:36:     at Object.<anonymous> (/home/ec2-user/recruiting_admin/admin-frontend/scripts/start.js:15:1)
2019-02-05 22:38:36:     at Module._compile (internal/modules/cjs/loader.js:689:30)
2019-02-05 22:38:36:     at Object.Module._extensions..js (internal/modules/cjs/loader.js:700:10)
2019-02-05 22:38:36:     at Module.load (internal/modules/cjs/loader.js:599:32)
2019-02-05 22:38:36:     at tryModuleLoad (internal/modules/cjs/loader.js:538:12)
2019-02-05 22:38:36:     at Function.Module._load (internal/modules/cjs/loader.js:530:3)
2019-02-05 22:38:36: Error: Cannot find module '../config/env'
2019-02-05 22:38:36:     at Function.Module._resolveFilename (internal/modules/cjs/loader.js:581:15)
2019-02-05 22:38:36:     at Function.Module._load (internal/modules/cjs/loader.js:507:25)
2019-02-05 22:38:36:     at Module.require (internal/modules/cjs/loader.js:637:17)
2019-02-05 22:38:36:     at require (internal/modules/cjs/helpers.js:22:18)
2019-02-05 22:38:36:     at Object.<anonymous> (/home/ec2-user/recruiting_admin/admin-frontend/scripts/start.js:15:1)
2019-02-05 22:38:36:     at Module._compile (internal/modules/cjs/loader.js:689:30)
2019-02-05 22:38:36:     at Object.Module._extensions..js (internal/modules/cjs/loader.js:700:10)
2019-02-05 22:38:36:     at Module.load (internal/modules/cjs/loader.js:599:32)
2019-02-05 22:38:36:     at tryModuleLoad (internal/modules/cjs/loader.js:538:12)
2019-02-05 22:38:36:     at Function.Module._load (internal/modules/cjs/loader.js:530:3)
2019-02-05 22:38:36: Error: Cannot find module '../config/env'
2019-02-05 22:38:36:     at Function.Module._resolveFilename (internal/modules/cjs/loader.js:581:15)
2019-02-05 22:38:36:     at Function.Module._load (internal/modules/cjs/loader.js:507:25)
2019-02-05 22:38:36:     at Module.require (internal/modules/cjs/loader.js:637:17)
2019-02-05 22:38:36:     at require (internal/modules/cjs/helpers.js:22:18)
2019-02-05 22:38:36:     at Object.<anonymous> (/home/ec2-user/recruiting_admin/admin-frontend/scripts/start.js:15:1)
2019-02-05 22:38:36:     at Module._compile (internal/modules/cjs/loader.js:689:30)
2019-02-05 22:38:36:     at Object.Module._extensions..js (internal/modules/cjs/loader.js:700:10)
2019-02-05 22:38:36:     at Module.load (internal/modules/cjs/loader.js:599:32)
2019-02-05 22:38:36:     at tryModuleLoad (internal/modules/cjs/loader.js:538:12)
2019-02-05 22:38:36:     at Function.Module._load (internal/modules/cjs/loader.js:530:3)
2019-02-05 22:38:37: Error: Cannot find module '../config/env'
2019-02-05 22:38:37:     at Function.Module._resolveFilename (internal/modules/cjs/loader.js:581:15)
2019-02-05 22:38:37:     at Function.Module._load (internal/modules/cjs/loader.js:507:25)
2019-02-05 22:38:37:     at Module.require (internal/modules/cjs/loader.js:637:17)
2019-02-05 22:38:37:     at require (internal/modules/cjs/helpers.js:22:18)
2019-02-05 22:38:37:     at Object.<anonymous> (/home/ec2-user/recruiting_admin/admin-frontend/scripts/start.js:15:1)
2019-02-05 22:38:37:     at Module._compile (internal/modules/cjs/loader.js:689:30)
2019-02-05 22:38:37:     at Object.Module._extensions..js (internal/modules/cjs/loader.js:700:10)
2019-02-05 22:38:37:     at Module.load (internal/modules/cjs/loader.js:599:32)
2019-02-05 22:38:37:     at tryModuleLoad (internal/modules/cjs/loader.js:538:12)
2019-02-05 22:38:37:     at Function.Module._load (internal/modules/cjs/loader.js:530:3)
2019-02-05 22:38:37: Error: Cannot find module '../config/env'
2019-02-05 22:38:37:     at Function.Module._resolveFilename (internal/modules/cjs/loader.js:581:15)
2019-02-05 22:38:37:     at Function.Module._load (internal/modules/cjs/loader.js:507:25)
2019-02-05 22:38:37:     at Module.require (internal/modules/cjs/loader.js:637:17)
2019-02-05 22:38:37:     at require (internal/modules/cjs/helpers.js:22:18)
2019-02-05 22:38:37:     at Object.<anonymous> (/home/ec2-user/recruiting_admin/admin-frontend/scripts/start.js:15:1)
2019-02-05 22:38:37:     at Module._compile (internal/modules/cjs/loader.js:689:30)
2019-02-05 22:38:37:     at Object.Module._extensions..js (internal/modules/cjs/loader.js:700:10)
2019-02-05 22:38:37:     at Module.load (internal/modules/cjs/loader.js:599:32)
2019-02-05 22:38:37:     at tryModuleLoad (internal/modules/cjs/loader.js:538:12)
2019-02-05 22:38:37:     at Function.Module._load (internal/modules/cjs/loader.js:530:3)
2019-02-05 22:38:37: Error: Cannot find module '../config/env'
2019-02-05 22:38:37:     at Function.Module._resolveFilename (internal/modules/cjs/loader.js:581:15)
2019-02-05 22:38:37:     at Function.Module._load (internal/modules/cjs/loader.js:507:25)
2019-02-05 22:38:37:     at Module.require (internal/modules/cjs/loader.js:637:17)
2019-02-05 22:38:37:     at require (internal/modules/cjs/helpers.js:22:18)
2019-02-05 22:38:37:     at Object.<anonymous> (/home/ec2-user/recruiting_admin/admin-frontend/scripts/start.js:15:1)
2019-02-05 22:38:37:     at Module._compile (internal/modules/cjs/loader.js:689:30)
2019-02-05 22:38:37:     at Object.Module._extensions..js (internal/modules/cjs/loader.js:700:10)
2019-02-05 22:38:37:     at Module.load (internal/modules/cjs/loader.js:599:32)
2019-02-05 22:38:37:     at tryModuleLoad (internal/modules/cjs/loader.js:538:12)
2019-02-05 22:38:37:     at Function.Module._load (internal/modules/cjs/loader.js:530:3)
2019-02-05 22:38:37: Error: Cannot find module '../config/env'
2019-02-05 22:38:37:     at Function.Module._resolveFilename (internal/modules/cjs/loader.js:581:15)
2019-02-05 22:38:37:     at Function.Module._load (internal/modules/cjs/loader.js:507:25)
2019-02-05 22:38:37:     at Module.require (internal/modules/cjs/loader.js:637:17)
2019-02-05 22:38:37:     at require (internal/modules/cjs/helpers.js:22:18)
2019-02-05 22:38:37:     at Object.<anonymous> (/home/ec2-user/recruiting_admin/admin-frontend/scripts/start.js:15:1)
2019-02-05 22:38:37:     at Module._compile (internal/modules/cjs/loader.js:689:30)
2019-02-05 22:38:37:     at Object.Module._extensions..js (internal/modules/cjs/loader.js:700:10)
2019-02-05 22:38:37:     at Module.load (internal/modules/cjs/loader.js:599:32)
2019-02-05 22:38:37:     at tryModuleLoad (internal/modules/cjs/loader.js:538:12)
2019-02-05 22:38:37:     at Function.Module._load (internal/modules/cjs/loader.js:530:3)
